2017-04-25 10:48:34,265 INFO o.a.j.u.JMeterUtils: Setting Locale to en_US
2017-04-25 10:48:34,281 INFO o.a.j.JMeter: Loading user properties from: user.properties
2017-04-25 10:48:34,282 INFO o.a.j.JMeter: Loading system properties from: system.properties
2017-04-25 10:48:34,288 INFO o.a.j.JMeter: Copyright (c) 1998-2017 The Apache Software Foundation
2017-04-25 10:48:34,288 INFO o.a.j.JMeter: Version 3.2 r1790748
2017-04-25 10:48:34,289 INFO o.a.j.JMeter: java.version=1.8.0_05
2017-04-25 10:48:34,289 INFO o.a.j.JMeter: java.vm.name=Java HotSpot(TM) 64-Bit Server VM
2017-04-25 10:48:34,289 INFO o.a.j.JMeter: os.name=Windows 7
2017-04-25 10:48:34,289 INFO o.a.j.JMeter: os.arch=amd64
2017-04-25 10:48:34,289 INFO o.a.j.JMeter: os.version=6.1
2017-04-25 10:48:34,289 INFO o.a.j.JMeter: file.encoding=Cp1252
2017-04-25 10:48:34,289 INFO o.a.j.JMeter: Max memory     =2789212160
2017-04-25 10:48:34,289 INFO o.a.j.JMeter: Available Processors =4
2017-04-25 10:48:34,293 INFO o.a.j.JMeter: Default Locale=English (United States)
2017-04-25 10:48:34,294 INFO o.a.j.JMeter: JMeter  Locale=English (United States)
2017-04-25 10:48:34,294 INFO o.a.j.JMeter: JMeterHome=C:\blah\JMeter\apache-jmeter-3.2
2017-04-25 10:48:34,294 INFO o.a.j.JMeter: user.dir  =C:\blah\JMeter\apache-jmeter-3.2\bin
2017-04-25 10:48:34,294 INFO o.a.j.JMeter: PWD       =C:\blah\JMeter\apache-jmeter-3.2\bin
2017-04-25 10:48:34,295 INFO o.a.j.JMeter: IP: 10.218.112.218 Name: LDENPBZYLED FullName: LDENPBZYLED.corp.transunion.com
2017-04-25 10:48:34,446 INFO o.a.j.g.a.LookAndFeelCommand: Using look and feel: javax.swing.plaf.nimbus.NimbusLookAndFeel [Nimbus]
2017-04-25 10:48:34,497 INFO o.a.j.JMeter: Loaded icon properties from org/apache/jmeter/images/icon.properties
2017-04-25 10:48:35,405 INFO o.a.j.e.u.CompoundVariable: Note: Function class names must contain the string: '.functions.'
2017-04-25 10:48:35,405 INFO o.a.j.e.u.CompoundVariable: Note: Function class names must not contain the string: '.gui.'
2017-04-25 10:48:36,929 WARN o.j.r.PluginManagerMenuItem: Failed to load plugin updates info
javax.net.ssl.SSLHandshakeException: sun.security.validator.ValidatorException: PKIX path building failed: sun.security.provider.certpath.SunCertPathBuilderException: unable to find valid certification path to requested target
	at sun.security.ssl.Alerts.getSSLException(Unknown Source) ~[?:1.8.0_05]
	at sun.security.ssl.SSLSocketImpl.fatal(Unknown Source) ~[?:1.8.0_05]
	at sun.security.ssl.Handshaker.fatalSE(Unknown Source) ~[?:1.8.0_05]
	at sun.security.ssl.Handshaker.fatalSE(Unknown Source) ~[?:1.8.0_05]
	at sun.security.ssl.ClientHandshaker.serverCertificate(Unknown Source) ~[?:1.8.0_05]
	at sun.security.ssl.ClientHandshaker.processMessage(Unknown Source) ~[?:1.8.0_05]
	at sun.security.ssl.Handshaker.processLoop(Unknown Source) ~[?:1.8.0_05]
	at sun.security.ssl.Handshaker.process_record(Unknown Source) ~[?:1.8.0_05]
	at sun.security.ssl.SSLSocketImpl.readRecord(Unknown Source) ~[?:1.8.0_05]
	at sun.security.ssl.SSLSocketImpl.performInitialHandshake(Unknown Source) ~[?:1.8.0_05]
	at sun.security.ssl.SSLSocketImpl.startHandshake(Unknown Source) ~[?:1.8.0_05]
	at sun.security.ssl.SSLSocketImpl.startHandshake(Unknown Source) ~[?:1.8.0_05]
	at org.apache.http.conn.ssl.SSLSocketFactory.createLayeredSocket(SSLSocketFactory.java:573) ~[httpclient-4.5.3.jar:4.5.3]
	at org.apache.http.conn.ssl.SSLSocketFactory.connectSocket(SSLSocketFactory.java:557) ~[httpclient-4.5.3.jar:4.5.3]
	at org.apache.http.conn.ssl.SSLSocketFactory.connectSocket(SSLSocketFactory.java:414) ~[httpclient-4.5.3.jar:4.5.3]
	at org.apache.http.impl.conn.DefaultClientConnectionOperator.openConnection(DefaultClientConnectionOperator.java:180) ~[httpclient-4.5.3.jar:4.5.3]
	at org.apache.http.impl.conn.ManagedClientConnectionImpl.open(ManagedClientConnectionImpl.java:326) ~[httpclient-4.5.3.jar:4.5.3]
	at org.apache.http.impl.client.DefaultRequestDirector.tryConnect(DefaultRequestDirector.java:610) ~[httpclient-4.5.3.jar:4.5.3]
	at org.apache.http.impl.client.DefaultRequestDirector.execute(DefaultRequestDirector.java:445) ~[httpclient-4.5.3.jar:4.5.3]
	at org.apache.http.impl.client.AbstractHttpClient.doExecute(AbstractHttpClient.java:835) ~[httpclient-4.5.3.jar:4.5.3]
	at org.apache.http.impl.client.CloseableHttpClient.execute(CloseableHttpClient.java:83) ~[httpclient-4.5.3.jar:4.5.3]
	at org.apache.http.impl.client.CloseableHttpClient.execute(CloseableHttpClient.java:108) ~[httpclient-4.5.3.jar:4.5.3]
	at org.apache.http.impl.client.CloseableHttpClient.execute(CloseableHttpClient.java:56) ~[httpclient-4.5.3.jar:4.5.3]
	at org.jmeterplugins.repository.JARSourceHTTP.getJSON(JARSourceHTTP.java:105) ~[jmeter-plugins-manager-0.12.jar:?]
	at org.jmeterplugins.repository.JARSourceHTTP.getRepositories(JARSourceHTTP.java:136) ~[jmeter-plugins-manager-0.12.jar:?]
	at org.jmeterplugins.repository.JARSourceHTTP.getRepo(JARSourceHTTP.java:163) ~[jmeter-plugins-manager-0.12.jar:?]
	at org.jmeterplugins.repository.PluginManager.load(PluginManager.java:43) ~[jmeter-plugins-manager-0.12.jar:?]
	at org.jmeterplugins.repository.PluginManagerMenuItem.<init>(PluginManagerMenuItem.java:28) [jmeter-plugins-manager-0.12.jar:?]
	at org.jmeterplugins.repository.PluginManagerMenuCreator.getMenuItemsAtLocation(PluginManagerMenuCreator.java:22) [jmeter-plugins-manager-0.12.jar:?]
	at org.apache.jmeter.gui.util.JMeterMenuBar.addPluginsMenuItems(JMeterMenuBar.java:594) [ApacheJMeter_core.jar:3.2 r1790748]
	at org.apache.jmeter.gui.util.JMeterMenuBar.makeOptionsMenu(JMeterMenuBar.java:370) [ApacheJMeter_core.jar:3.2 r1790748]
	at org.apache.jmeter.gui.util.JMeterMenuBar.createMenuBar(JMeterMenuBar.java:268) [ApacheJMeter_core.jar:3.2 r1790748]
	at org.apache.jmeter.gui.util.JMeterMenuBar.<init>(JMeterMenuBar.java:164) [ApacheJMeter_core.jar:3.2 r1790748]
	at org.apache.jmeter.gui.MainFrame.init(MainFrame.java:510) [ApacheJMeter_core.jar:3.2 r1790748]
	at org.apache.jmeter.gui.MainFrame.<init>(MainFrame.java:240) [ApacheJMeter_core.jar:3.2 r1790748]
	at org.apache.jmeter.JMeter.startGui(JMeter.java:375) [ApacheJMeter_core.jar:3.2 r1790748]
	at org.apache.jmeter.JMeter.start(JMeter.java:519) [ApacheJMeter_core.jar:3.2 r1790748]
	at sun.reflect.NativeMethodAccessorImpl.invoke0(Native Method) ~[?:1.8.0_05]
	at sun.reflect.NativeMethodAccessorImpl.invoke(Unknown Source) ~[?:1.8.0_05]
	at sun.reflect.DelegatingMethodAccessorImpl.invoke(Unknown Source) ~[?:1.8.0_05]
	at java.lang.reflect.Method.invoke(Unknown Source) ~[?:1.8.0_05]
	at org.apache.jmeter.NewDriver.main(NewDriver.java:248) [ApacheJMeter.jar:3.2 r1790748]
Caused by: sun.security.validator.ValidatorException: PKIX path building failed: sun.security.provider.certpath.SunCertPathBuilderException: unable to find valid certification path to requested target
	at sun.security.validator.PKIXValidator.doBuild(Unknown Source) ~[?:1.8.0_05]
	at sun.security.validator.PKIXValidator.engineValidate(Unknown Source) ~[?:1.8.0_05]
	at sun.security.validator.Validator.validate(Unknown Source) ~[?:1.8.0_05]
	at sun.security.ssl.X509TrustManagerImpl.validate(Unknown Source) ~[?:1.8.0_05]
	at sun.security.ssl.X509TrustManagerImpl.checkTrusted(Unknown Source) ~[?:1.8.0_05]
	at sun.security.ssl.X509TrustManagerImpl.checkServerTrusted(Unknown Source) ~[?:1.8.0_05]
	... 38 more
Caused by: sun.security.provider.certpath.SunCertPathBuilderException: unable to find valid certification path to requested target
	at sun.security.provider.certpath.SunCertPathBuilder.build(Unknown Source) ~[?:1.8.0_05]
	at sun.security.provider.certpath.SunCertPathBuilder.engineBuild(Unknown Source) ~[?:1.8.0_05]
	at java.security.cert.CertPathBuilder.build(Unknown Source) ~[?:1.8.0_05]
	at sun.security.validator.PKIXValidator.doBuild(Unknown Source) ~[?:1.8.0_05]
	at sun.security.validator.PKIXValidator.engineValidate(Unknown Source) ~[?:1.8.0_05]
	at sun.security.validator.Validator.validate(Unknown Source) ~[?:1.8.0_05]
	at sun.security.ssl.X509TrustManagerImpl.validate(Unknown Source) ~[?:1.8.0_05]
	at sun.security.ssl.X509TrustManagerImpl.checkTrusted(Unknown Source) ~[?:1.8.0_05]
	at sun.security.ssl.X509TrustManagerImpl.checkServerTrusted(Unknown Source) ~[?:1.8.0_05]
	... 38 more
2017-04-25 10:48:37,232 INFO k.a.j.JMeterPluginsUtils: JMeter-Plugins.org v.1.4.0
2017-04-25 10:48:37,516 WARN o.a.j.g.u.MenuFactory: Configuration error, probably corrupt or missing third party library(jar) ? Could not create class: kg.apc.jmeter.reporters.LoadosophiaUploaderGui. java.lang.NoClassDefFoundError: org/apache/commons/httpclient/methods/multipart/PartSource
java.lang.NoClassDefFoundError: org/apache/commons/httpclient/methods/multipart/PartSource
	at kg.apc.jmeter.reporters.LoadosophiaUploaderGui.init(LoadosophiaUploaderGui.java:114) ~[JMeterPlugins-Standard.jar:?]
	at kg.apc.jmeter.reporters.LoadosophiaUploaderGui.<init>(LoadosophiaUploaderGui.java:28) ~[JMeterPlugins-Standard.jar:?]
	at sun.reflect.NativeConstructorAccessorImpl.newInstance0(Native Method) ~[?:1.8.0_05]
	at sun.reflect.NativeConstructorAccessorImpl.newInstance(Unknown Source) ~[?:1.8.0_05]
	at sun.reflect.DelegatingConstructorAccessorImpl.newInstance(Unknown Source) ~[?:1.8.0_05]
	at java.lang.reflect.Constructor.newInstance(Unknown Source) ~[?:1.8.0_05]
	at java.lang.Class.newInstance(Unknown Source) ~[?:1.8.0_05]
	at org.apache.jmeter.gui.util.MenuFactory.initializeMenus(MenuFactory.java:505) [ApacheJMeter_core.jar:3.2 r1790748]
	at org.apache.jmeter.gui.util.MenuFactory.<clinit>(MenuFactory.java:169) [ApacheJMeter_core.jar:3.2 r1790748]
	at org.apache.jmeter.control.gui.WorkBenchGui.createPopupMenu(WorkBenchGui.java:119) [ApacheJMeter_core.jar:3.2 r1790748]
	at org.apache.jmeter.gui.tree.JMeterTreeNode.createPopupMenu(JMeterTreeNode.java:156) [ApacheJMeter_core.jar:3.2 r1790748]
	at org.apache.jmeter.gui.action.EditCommand.doAction(EditCommand.java:46) [ApacheJMeter_core.jar:3.2 r1790748]
	at org.apache.jmeter.gui.action.ActionRouter.performAction(ActionRouter.java:74) [ApacheJMeter_core.jar:3.2 r1790748]
	at org.apache.jmeter.gui.action.ActionRouter.lambda$actionPerformed$0(ActionRouter.java:59) [ApacheJMeter_core.jar:3.2 r1790748]
	at org.apache.jmeter.gui.action.ActionRouter$$Lambda$19/1139851985.run(Unknown Source) [ApacheJMeter_core.jar:3.2 r1790748]
	at java.awt.event.InvocationEvent.dispatch(Unknown Source) [?:1.8.0_05]
	at java.awt.EventQueue.dispatchEventImpl(Unknown Source) [?:1.8.0_05]
	at java.awt.EventQueue.access$400(Unknown Source) [?:1.8.0_05]
	at java.awt.EventQueue$3.run(Unknown Source) [?:1.8.0_05]
	at java.awt.EventQueue$3.run(Unknown Source) [?:1.8.0_05]
	at java.security.AccessController.doPrivileged(Native Method) ~[?:1.8.0_05]
	at java.security.ProtectionDomain$1.doIntersectionPrivilege(Unknown Source) [?:1.8.0_05]
	at java.awt.EventQueue.dispatchEvent(Unknown Source) [?:1.8.0_05]
	at java.awt.EventDispatchThread.pumpOneEventForFilters(Unknown Source) [?:1.8.0_05]
	at java.awt.EventDispatchThread.pumpEventsForFilter(Unknown Source) [?:1.8.0_05]
	at java.awt.EventDispatchThread.pumpEventsForHierarchy(Unknown Source) [?:1.8.0_05]
	at java.awt.EventDispatchThread.pumpEvents(Unknown Source) [?:1.8.0_05]
	at java.awt.EventDispatchThread.pumpEvents(Unknown Source) [?:1.8.0_05]
	at java.awt.EventDispatchThread.run(Unknown Source) [?:1.8.0_05]
Caused by: java.lang.ClassNotFoundException: org.apache.commons.httpclient.methods.multipart.PartSource
	at java.net.URLClassLoader$1.run(Unknown Source) ~[?:1.8.0_05]
	at java.net.URLClassLoader$1.run(Unknown Source) ~[?:1.8.0_05]
	at java.security.AccessController.doPrivileged(Native Method) ~[?:1.8.0_05]
	at java.net.URLClassLoader.findClass(Unknown Source) ~[?:1.8.0_05]
	at java.lang.ClassLoader.loadClass(Unknown Source) ~[?:1.8.0_05]
	at java.lang.ClassLoader.loadClass(Unknown Source) ~[?:1.8.0_05]
	... 29 more
2017-04-25 10:48:38,094 INFO o.a.j.g.u.MenuFactory: Skipping org.apache.jmeter.assertions.BSFAssertion
2017-04-25 10:48:38,480 INFO o.a.j.g.u.MenuFactory: Skipping org.apache.jmeter.extractor.BSFPostProcessor
2017-04-25 10:48:38,522 INFO o.a.j.g.u.MenuFactory: Skipping org.apache.jmeter.modifiers.BSFPreProcessor
2017-04-25 10:48:38,561 INFO o.a.j.p.h.s.HTTPSamplerBase: Parser for text/html is org.apache.jmeter.protocol.http.parser.LagartoBasedHtmlParser
2017-04-25 10:48:38,561 INFO o.a.j.p.h.s.HTTPSamplerBase: Parser for application/xhtml+xml is org.apache.jmeter.protocol.http.parser.LagartoBasedHtmlParser
2017-04-25 10:48:38,562 INFO o.a.j.p.h.s.HTTPSamplerBase: Parser for application/xml is org.apache.jmeter.protocol.http.parser.LagartoBasedHtmlParser
2017-04-25 10:48:38,562 INFO o.a.j.p.h.s.HTTPSamplerBase: Parser for text/xml is org.apache.jmeter.protocol.http.parser.LagartoBasedHtmlParser
2017-04-25 10:48:38,562 INFO o.a.j.p.h.s.HTTPSamplerBase: Parser for text/vnd.wap.wml is org.apache.jmeter.protocol.http.parser.RegexpHTMLParser
2017-04-25 10:48:38,562 INFO o.a.j.p.h.s.HTTPSamplerBase: Parser for text/css is org.apache.jmeter.protocol.http.parser.CssParser
2017-04-25 10:48:39,038 INFO o.a.j.e.KeyToolUtils: keytool found at 'keytool'
2017-04-25 10:48:39,041 INFO o.a.j.p.h.p.ProxyControl: HTTP(S) Test Script Recorder SSL Proxy will use keys that support embedded 3rd party resources in file C:\blah\JMeter\apache-jmeter-3.2\bin\proxyserver.jks
2017-04-25 10:48:39,207 INFO o.a.j.g.u.MenuFactory: Skipping org.apache.jmeter.protocol.java.sampler.BSFSampler
2017-04-25 10:48:39,252 INFO o.a.j.s.FileServer: Default base='C:\blah\JMeter\apache-jmeter-3.2\bin'
2017-04-25 10:48:39,361 INFO o.a.j.g.u.MenuFactory: Skipping org.apache.jmeter.protocol.mongodb.config.MongoSourceElement
2017-04-25 10:48:39,361 INFO o.a.j.g.u.MenuFactory: Skipping org.apache.jmeter.protocol.mongodb.sampler.MongoScriptSampler
2017-04-25 10:48:39,589 INFO o.a.j.g.u.MenuFactory: Skipping org.apache.jmeter.timers.BSFTimer
2017-04-25 10:48:39,618 INFO o.a.j.g.u.MenuFactory: Skipping org.apache.jmeter.visualizers.BSFListener
2017-04-25 10:48:40,026 INFO o.a.j.s.SampleResult: Note: Sample TimeStamps are START times
2017-04-25 10:48:40,026 INFO o.a.j.s.SampleResult: sampleresult.default.encoding is set to ISO-8859-1
2017-04-25 10:48:40,026 INFO o.a.j.s.SampleResult: sampleresult.useNanoTime=true
2017-04-25 10:48:40,026 INFO o.a.j.s.SampleResult: sampleresult.nanoThreadSleep=5000
2017-04-25 11:03:57,661 INFO o.a.j.g.a.Load: Loading file: C:\blah\JMeter\apache-jmeter-3.2\bin\SpotifyAPITest.jmx
2017-04-25 11:03:57,661 INFO o.a.j.s.FileServer: Set new base='C:\blah\JMeter\apache-jmeter-3.2\bin'
2017-04-25 11:03:57,756 INFO o.a.j.s.SaveService: Testplan (JMX) version: 2.2. Testlog (JTL) version: 2.2
2017-04-25 11:03:57,766 INFO o.a.j.s.SaveService: Using SaveService properties file encoding UTF-8
2017-04-25 11:03:57,768 INFO o.a.j.s.SaveService: Using SaveService properties version 3.2
2017-04-25 11:03:57,772 INFO o.a.j.s.SaveService: Loading file: C:\blah\JMeter\apache-jmeter-3.2\bin\SpotifyAPITest.jmx
2017-04-25 11:03:58,238 INFO o.a.j.s.FileServer: Set new base='C:\blah\JMeter\apache-jmeter-3.2\bin'
2017-04-25 11:05:36,393 INFO o.a.j.e.StandardJMeterEngine: Running the test!
2017-04-25 11:05:36,393 INFO o.a.j.s.SampleEvent: List of sample_variables: []
2017-04-25 11:05:36,393 INFO o.a.j.s.SampleEvent: List of sample_variables: []
2017-04-25 11:05:36,409 INFO o.a.j.g.u.JMeterMenuBar: setRunning(true, *local*)
2017-04-25 11:05:36,424 INFO o.a.j.e.StandardJMeterEngine: Starting setUp thread groups
2017-04-25 11:05:36,424 INFO o.a.j.e.StandardJMeterEngine: Starting setUp ThreadGroup: 1 : Setup
2017-04-25 11:05:36,424 INFO o.a.j.e.StandardJMeterEngine: Starting 1 threads for group Setup.
2017-04-25 11:05:36,424 INFO o.a.j.e.StandardJMeterEngine: Thread will continue on error
2017-04-25 11:05:36,424 INFO o.a.j.t.ThreadGroup: Starting thread group... number=1 threads=1 ramp-up=1 perThread=1000.0 delayedStart=false
2017-04-25 11:05:36,425 INFO o.a.j.t.ThreadGroup: Started thread group number 1
2017-04-25 11:05:36,425 INFO o.a.j.e.StandardJMeterEngine: Waiting for all setup thread groups to exit
2017-04-25 11:05:36,425 INFO o.a.j.t.JMeterThread: Thread started: Setup 1-1
2017-04-25 11:05:36,458 INFO o.a.j.p.h.s.HTTPHCAbstractImpl: Local host = LDENPBZYLED
2017-04-25 11:05:36,458 INFO o.a.j.p.h.s.HTTPHC4Impl: HTTP request retry count = 0
2017-04-25 11:05:36,571 INFO o.a.j.p.h.s.LazySchemeSocketFactory: Setting up HTTPS TrustAll Socket Factory
2017-04-25 11:05:36,587 INFO o.a.j.u.JsseSSLManager: Using default SSL protocol: TLS
2017-04-25 11:05:36,696 INFO o.a.j.u.JsseSSLManager: SSL session context: per-thread
2017-04-25 11:05:36,712 INFO o.a.j.u.SSLManager: JmeterKeyStore Location:  type JKS
2017-04-25 11:05:36,712 INFO o.a.j.u.SSLManager: KeyStore created OK
2017-04-25 11:05:36,712 WARN o.a.j.u.SSLManager: Keystore file not found, loading empty keystore
2017-04-25 11:05:37,196 INFO o.a.j.t.JMeterThread: Thread is done: Setup 1-1
2017-04-25 11:05:37,196 INFO o.a.j.t.JMeterThread: Thread finished: Setup 1-1
2017-04-25 11:05:37,196 INFO o.a.j.e.StandardJMeterEngine: All Setup Threads have ended
2017-04-25 11:05:37,505 INFO o.a.j.e.StandardJMeterEngine: Starting ThreadGroup: 1 : Spotify REST API Test
2017-04-25 11:05:37,505 INFO o.a.j.e.StandardJMeterEngine: Starting 1 threads for group Spotify REST API Test.
2017-04-25 11:05:37,505 INFO o.a.j.e.StandardJMeterEngine: Thread will continue on error
2017-04-25 11:05:37,506 INFO k.a.j.t.AbstractSimpleThreadGroup: Starting thread group number 1 threads 1
2017-04-25 11:05:37,508 INFO k.a.j.t.AbstractSimpleThreadGroup: Started thread group number 1
2017-04-25 11:05:37,508 INFO o.a.j.e.StandardJMeterEngine: All thread groups have been started
2017-04-25 11:05:52,506 INFO o.a.j.t.JMeterThread: Thread started: Spotify REST API Test 1-1
2017-04-25 11:06:07,030 INFO o.a.j.g.a.Start: Stopping test
2017-04-25 11:06:07,031 INFO o.a.j.t.JMeterThread: Stopping: Spotify REST API Test 1-1
2017-04-25 11:06:07,031 WARN o.a.j.t.JMeterThread: Interrupting: Spotify REST API Test 1-1 sampler: GET Tracks
2017-04-25 11:06:07,040 INFO o.a.j.t.JMeterThread: Thread finished: Spotify REST API Test 1-1
2017-04-25 11:06:07,041 INFO o.a.j.e.StandardJMeterEngine: Notifying test listeners of end of test
2017-04-25 11:06:07,072 INFO o.a.j.g.u.JMeterMenuBar: setRunning(false, *local*)
